----- Otter 3.3f, August 2004 -----
The process was started by jalonso on lulio,
Sun Aug 28 15:46:21 2022
The command was "otter".  The process ID is 31538.

include("Definiciones.in").
------- start included file Definiciones.in-------

formula_list(usable).
all x y (PO(x,y)<-> (exists z (z<=x&z<=y))& (exists z (z<=x& -(z<=y)))& (exists z (-(z<=x)&z<=y))).
all x y (DR(x,y)<-> -(exists z (z<=x&z<=y))).
all x y (EQ(x,y)<->x=y).
all x y (PP(x,y)<-> (all z (z<=x->z<=y))& (exists z (-(z<=x)&z<=y))).
all x y (PPi(x,y)<->PP(y,x)).
end_of_list.

-------> usable clausifies to:

list(usable).
1 [] -PO(x,y)|$f1(x,y)<=x.
2 [] -PO(x,y)|$f1(x,y)<=y.
3 [] -PO(x,y)|$f2(x,y)<=x.
4 [] -PO(x,y)| -($f2(x,y)<=y).
5 [] -PO(x,y)| -($f3(x,y)<=x).
6 [] -PO(x,y)|$f3(x,y)<=y.
7 [] PO(x,y)| -(z<=x)| -(z<=y)| -(x1<=x)|x1<=y|x2<=x| -(x2<=y).
8 [] -DR(x,y)| -(z<=x)| -(z<=y).
9 [] DR(x,y)|$f4(x,y)<=x.
10 [] DR(x,y)|$f4(x,y)<=y.
11 [] -EQ(x,y)|x=y.
12 [] EQ(x,y)|x!=y.
13 [] -PP(x,y)| -(z<=x)|z<=y.
14 [] -PP(x,y)| -($f5(x,y)<=x).
15 [] -PP(x,y)|$f5(x,y)<=y.
16 [] PP(x,y)|$f6(x,y)<=x|x3<=x| -(x3<=y).
17 [] PP(x,y)| -($f6(x,y)<=y)|x3<=x| -(x3<=y).
18 [] -PPi(x,y)|PP(y,x).
19 [] PPi(x,y)| -PP(y,x).
end_of_list.

formula_list(usable).
all x (x<=x).
all x y (x<=y&y<=x->x=y).
all x y z (x<=y&y<=z->x<=z).
end_of_list.

-------> usable clausifies to:

list(usable).
20 [] x<=x.
21 [] -(x<=y)| -(y<=x)|x=y.
22 [] -(x<=y)| -(y<=z)|x<=z.
end_of_list.
------- end included file Definiciones.in-------
assign(max_literals,3).
assign(max_weight,15).
set(auto2).
   dependent: set(process_input).
   dependent: clear(print_kept).
   dependent: clear(print_new_demod).
   dependent: clear(print_back_demod).
   dependent: clear(print_back_sub).
   dependent: set(control_memory).
   dependent: assign(max_mem, 20000).
   dependent: assign(pick_given_ratio, 4).
   dependent: assign(stats_level, 1).
   dependent: assign(max_seconds, 10800).

list(sos).
0 [] -PO(a,b).
0 [] -DR(a,b).
0 [] -EQ(a,b).
0 [] -PP(a,b).
0 [] -PPi(a,b).
end_of_list.

Every positive clause in sos is ground (or sos is empty);
therefore we move all positive usable clauses to sos.

Properties of input clauses: prop=0, horn=0, equality=1, symmetry=0, max_lits=7.

Setting hyper_res, because there are nonunits.
   dependent: set(hyper_res).
Setting ur_res, because this is a nonunit set containing
either equality literals or non-Horn clauses.
   dependent: set(ur_res).
Setting factor and  unit_deletion, because there are non-Horn clauses.
   dependent: set(factor).
   dependent: set(unit_deletion).
Equality is present, so we set the knuth_bendix flag.
   dependent: set(knuth_bendix).
   dependent: set(anl_eq).
   dependent: set(para_from).
   dependent: set(para_into).
   dependent: clear(para_from_right).
   dependent: clear(para_into_right).
   dependent: set(para_from_vars).
   dependent: set(eq_units_both_ways).
   dependent: set(dynamic_demod_all).
   dependent: set(dynamic_demod).
   dependent: set(order_eq).
   dependent: set(back_demod).
   dependent: set(lrpo).
As an incomplete heuristic, we paramodulate with units only.
   dependent: set(para_from_units_only).
   dependent: set(para_into_units_only).

------------> process usable:
WARNING, cl_integrate gets clause with ID: 1 [] -PO(x,y)|$f1(x,y)<=x.
** KEPT (pick-wt=8): 1 [] -PO(x,y)|$f1(x,y)<=x.
WARNING, cl_integrate gets clause with ID: 2 [] -PO(x,y)|$f1(x,y)<=y.
** KEPT (pick-wt=8): 2 [] -PO(x,y)|$f1(x,y)<=y.
WARNING, cl_integrate gets clause with ID: 3 [] -PO(x,y)|$f2(x,y)<=x.
** KEPT (pick-wt=8): 3 [] -PO(x,y)|$f2(x,y)<=x.
WARNING, cl_integrate gets clause with ID: 4 [] -PO(x,y)| -($f2(x,y)<=y).
** KEPT (pick-wt=8): 4 [] -PO(x,y)| -($f2(x,y)<=y).
WARNING, cl_integrate gets clause with ID: 5 [] -PO(x,y)| -($f3(x,y)<=x).
** KEPT (pick-wt=8): 5 [] -PO(x,y)| -($f3(x,y)<=x).
WARNING, cl_integrate gets clause with ID: 6 [] -PO(x,y)|$f3(x,y)<=y.
** KEPT (pick-wt=8): 6 [] -PO(x,y)|$f3(x,y)<=y.
WARNING, cl_integrate gets clause with ID: 7 [] PO(x,y)| -(z<=x)| -(z<=y)| -(u<=x)|u<=y|v<=x| -(v<=y).
** KEPT (pick-wt=21): 7 [] PO(x,y)| -(z<=x)| -(z<=y)| -(u<=x)|u<=y|v<=x| -(v<=y).
WARNING, cl_integrate gets clause with ID: 8 [] -DR(x,y)| -(z<=x)| -(z<=y).
** KEPT (pick-wt=9): 8 [] -DR(x,y)| -(z<=x)| -(z<=y).
WARNING, cl_integrate gets clause with ID: 11 [] -EQ(x,y)|x=y.
** KEPT (pick-wt=6): 11 [] -EQ(x,y)|x=y.
WARNING, cl_integrate gets clause with ID: 12 [] EQ(x,y)|x!=y.
** KEPT (pick-wt=6): 12 [] EQ(x,y)|x!=y.
WARNING, cl_integrate gets clause with ID: 13 [] -PP(x,y)| -(z<=x)|z<=y.
** KEPT (pick-wt=9): 13 [] -PP(x,y)| -(z<=x)|z<=y.
WARNING, cl_integrate gets clause with ID: 14 [] -PP(x,y)| -($f5(x,y)<=x).
** KEPT (pick-wt=8): 14 [] -PP(x,y)| -($f5(x,y)<=x).
WARNING, cl_integrate gets clause with ID: 15 [] -PP(x,y)|$f5(x,y)<=y.
** KEPT (pick-wt=8): 15 [] -PP(x,y)|$f5(x,y)<=y.
WARNING, cl_integrate gets clause with ID: 16 [] PP(x,y)|$f6(x,y)<=x|z<=x| -(z<=y).
** KEPT (pick-wt=14): 16 [] PP(x,y)|$f6(x,y)<=x|z<=x| -(z<=y).
WARNING, cl_integrate gets clause with ID: 17 [] PP(x,y)| -($f6(x,y)<=y)|z<=x| -(z<=y).
** KEPT (pick-wt=14): 17 [] PP(x,y)| -($f6(x,y)<=y)|z<=x| -(z<=y).
WARNING, cl_integrate gets clause with ID: 18 [] -PPi(x,y)|PP(y,x).
** KEPT (pick-wt=6): 18 [] -PPi(x,y)|PP(y,x).
WARNING, cl_integrate gets clause with ID: 19 [] PPi(x,y)| -PP(y,x).
** KEPT (pick-wt=6): 19 [] PPi(x,y)| -PP(y,x).
WARNING, cl_integrate gets clause with ID: 21 [] -(x<=y)| -(y<=x)|x=y.
** KEPT (pick-wt=9): 21 [] -(x<=y)| -(y<=x)|x=y.
WARNING, cl_integrate gets clause with ID: 22 [] -(x<=y)| -(y<=z)|x<=z.
** KEPT (pick-wt=9): 22 [] -(x<=y)| -(y<=z)|x<=z.

------------> process sos:
** KEPT (pick-wt=3): 26 [] -PO(a,b).
** KEPT (pick-wt=3): 27 [] -DR(a,b).
** KEPT (pick-wt=3): 29 [copy,28,flip.1] -EQ(b,a).
** KEPT (pick-wt=3): 30 [] -PP(a,b).
** KEPT (pick-wt=3): 31 [] -PPi(a,b).
WARNING, cl_integrate gets clause with ID: 9 [] DR(x,y)|$f4(x,y)<=x.
** KEPT (pick-wt=8): 9 [] DR(x,y)|$f4(x,y)<=x.
WARNING, cl_integrate gets clause with ID: 10 [] DR(x,y)|$f4(x,y)<=y.
** KEPT (pick-wt=8): 10 [] DR(x,y)|$f4(x,y)<=y.
WARNING, cl_integrate gets clause with ID: 20 [] x<=x.
** KEPT (pick-wt=3): 20 [] x<=x.

======= end of input processing =======

=========== start of search ===========

given clause #1: (wt=3) 26 [] -PO(a,b).

given clause #2: (wt=3) 27 [] -DR(a,b).

given clause #3: (wt=3) 29 [copy,28,flip.1] -EQ(b,a).

given clause #4: (wt=3) 30 [] -PP(a,b).

given clause #5: (wt=3) 31 [] -PPi(a,b).

given clause #6: (wt=8) 9 [] DR(x,y)|$f4(x,y)<=x.

given clause #7: (wt=3) 20 [] x<=x.

given clause #8: (wt=3) 32 [ur,29,12] b!=a.

given clause #9: (wt=3) 33 [ur,30,18] -PPi(b,a).

given clause #10: (wt=3) 34 [ur,31,19] -PP(b,a).

given clause #11: (wt=8) 10 [] DR(x,y)|$f4(x,y)<=y.

given clause #12: (wt=3) 36 [hyper,20,25] x=x.

given clause #13: (wt=3) 39 [ur,20,23] -DR(x,x).

given clause #14: (wt=3) 41 [hyper,36,12] EQ(x,x).

given clause #15: (wt=5) 35 [hyper,9,27] $f4(a,b)<=a.

given clause #16: (wt=5) 37 [hyper,20,23,9] $f4(x,x)<=x.

given clause #17: (wt=5) 40 [hyper,10,27] $f4(a,b)<=b.

given clause #18: (wt=3) 71 [ur,40,8,35] -DR(b,a).

given clause #19: (wt=5) 47 [ur,35,8,20] -DR($f4(a,b),a).

given clause #20: (wt=5) 48 [ur,35,8,20] -DR(a,$f4(a,b)).

given clause #21: (wt=11) 38 [hyper,20,16] PP(x,y)|$f6(x,y)<=x|y<=x.

given clause #22: (wt=5) 56 [ur,37,8,20] -DR($f4(x,x),x).

given clause #23: (wt=5) 57 [ur,37,8,20] -DR(x,$f4(x,x)).

given clause #24: (wt=5) 62 [hyper,40,8,10,35] $f4(b,a)<=a.

given clause #25: (wt=5) 64 [hyper,40,8,9,35] $f4(b,a)<=b.

given clause #26: (wt=13) 42 [hyper,35,16] PP(x,a)|$f6(x,a)<=x|$f4(a,b)<=x.

given clause #27: (wt=5) 70 [ur,40,8,20] -DR($f4(a,b),b).

given clause #28: (wt=5) 72 [ur,40,8,20] -DR(b,$f4(a,b)).

given clause #29: (wt=5) 88 [ur,62,8,20] -DR($f4(b,a),a).

given clause #30: (wt=5) 89 [ur,62,8,20] -DR(a,$f4(b,a)).

given clause #31: (wt=7) 43 [hyper,35,8,10,20] $f4($f4(a,b),a)<=a.

given clause #32: (wt=5) 97 [ur,64,8,20] -DR($f4(b,a),b).

given clause #33: (wt=5) 98 [ur,64,8,20] -DR(b,$f4(b,a)).

given clause #34: (wt=6) 69 [hyper,40,7,35,20,20,unit_del,26] a<=b|b<=a.

given clause #35: (wt=7) 46 [hyper,35,8,9,20] $f4(a,$f4(a,b))<=a.

given clause #36: (wt=9) 44 [hyper,35,8,9,20] $f4($f4(a,b),a)<=$f4(a,b).

given clause #37: (wt=7) 52 [hyper,37,8,10,20] $f4($f4(x,x),x)<=x.

given clause #38: (wt=7) 55 [hyper,37,8,9,20] $f4(x,$f4(x,x))<=x.

given clause #39: (wt=7) 60 [hyper,40,8,10,20] $f4($f4(a,b),b)<=b.

given clause #40: (wt=7) 65 [hyper,40,8,9,20] $f4(b,$f4(a,b))<=b.

given clause #41: (wt=9) 45 [hyper,35,8,10,20] $f4(a,$f4(a,b))<=$f4(a,b).

given clause #42: (wt=7) 84 [hyper,62,8,10,20] $f4($f4(b,a),a)<=a.

given clause #43: (wt=7) 87 [hyper,62,8,9,20] $f4(a,$f4(b,a))<=a.

given clause #44: (wt=7) 93 [hyper,64,8,10,20] $f4($f4(b,a),b)<=b.

given clause #45: (wt=7) 96 [hyper,64,8,9,20] $f4(b,$f4(b,a))<=b.

given clause #46: (wt=9) 49 [hyper,37,22,37] $f4($f4(x,x),$f4(x,x))<=x.

given clause #47: (wt=7) 114 [ur,43,8,20] -DR($f4($f4(a,b),a),a).

given clause #48: (wt=7) 115 [ur,43,8,20] -DR(a,$f4($f4(a,b),a)).

given clause #49: (wt=7) 126 [ur,46,8,20] -DR($f4(a,$f4(a,b)),a).

given clause #50: (wt=7) 127 [ur,46,8,20] -DR(a,$f4(a,$f4(a,b))).

given clause #51: (wt=9) 50 [hyper,37,22,35] $f4($f4(a,b),$f4(a,b))<=a.

given clause #52: (wt=7) 129 [hyper,44,22,40] $f4($f4(a,b),a)<=b.

given clause #53: (wt=7) 155 [ur,52,8,20] -DR($f4($f4(x,x),x),x).

given clause #54: (wt=7) 156 [ur,52,8,20] -DR(x,$f4($f4(x,x),x)).

given clause #55: (wt=7) 178 [ur,55,8,20] -DR($f4(x,$f4(x,x)),x).

given clause #56: (wt=13) 51 [hyper,37,16] PP(x,y)|$f6(x,y)<=x|$f4(y,y)<=x.

given clause #57: (wt=7) 179 [ur,55,8,20] -DR(x,$f4(x,$f4(x,x))).

given clause #58: (wt=7) 192 [ur,60,8,20] -DR($f4($f4(a,b),b),b).

given clause #59: (wt=7) 193 [ur,60,8,20] -DR(b,$f4($f4(a,b),b)).

given clause #60: (wt=7) 206 [ur,65,8,20] -DR($f4(b,$f4(a,b)),b).

given clause #61: (wt=9) 53 [hyper,37,8,9,20] $f4($f4(x,x),x)<=$f4(x,x).

given clause #62: (wt=7) 207 [ur,65,8,20] -DR(b,$f4(b,$f4(a,b))).

given clause #63: (wt=7) 209 [hyper,45,22,40] $f4(a,$f4(a,b))<=b.

given clause #64: (wt=7) 230 [ur,84,8,20] -DR($f4($f4(b,a),a),a).

given clause #65: (wt=7) 231 [ur,84,8,20] -DR(a,$f4($f4(b,a),a)).

given clause #66: (wt=9) 54 [hyper,37,8,10,20] $f4(x,$f4(x,x))<=$f4(x,x).

given clause #67: (wt=7) 246 [ur,87,8,20] -DR($f4(a,$f4(b,a)),a).

given clause #68: (wt=7) 247 [ur,87,8,20] -DR(a,$f4(a,$f4(b,a))).

given clause #69: (wt=7) 261 [ur,93,8,20] -DR($f4($f4(b,a),b),b).

given clause #70: (wt=7) 262 [ur,93,8,20] -DR(b,$f4($f4(b,a),b)).

given clause #71: (wt=9) 58 [hyper,40,22,37] $f4($f4(a,b),$f4(a,b))<=b.

given clause #72: (wt=7) 276 [ur,96,8,20] -DR($f4(b,$f4(b,a)),b).

given clause #73: (wt=7) 277 [ur,96,8,20] -DR(b,$f4(b,$f4(b,a))).

given clause #74: (wt=7) 297 [ur,129,8,20] -DR($f4($f4(a,b),a),b).

given clause #75: (wt=7) 298 [ur,129,8,20] -DR(b,$f4($f4(a,b),a)).

given clause #76: (wt=13) 59 [hyper,40,16] PP(x,b)|$f6(x,b)<=x|$f4(a,b)<=x.

given clause #77: (wt=7) 323 [ur,209,8,20] -DR($f4(a,$f4(a,b)),b).

given clause #78: (wt=7) 324 [ur,209,8,20] -DR(b,$f4(a,$f4(a,b))).

given clause #79: (wt=8) 67 [hyper,40,7,35,37,20,unit_del,26] $f4(a,a)<=b|b<=a.

given clause #80: (wt=8) 68 [hyper,40,7,35,20,37,unit_del,26] a<=b|$f4(b,b)<=a.

given clause #81: (wt=9) 61 [hyper,40,8,9,20] $f4($f4(a,b),b)<=$f4(a,b).

given clause #82: (wt=7) 349 [hyper,61,22,35] $f4($f4(a,b),b)<=a.

given clause #83: (wt=7) 363 [ur,349,8,20] -DR($f4($f4(a,b),b),a).

given clause #84: (wt=7) 364 [ur,349,8,20] -DR(a,$f4($f4(a,b),b)).

given clause #85: (wt=8) 73 [hyper,38,34] $f6(b,a)<=b|a<=b.

given clause #86: (wt=9) 63 [hyper,40,8,10,20] $f4(b,$f4(a,b))<=$f4(a,b).

given clause #87: (wt=7) 377 [hyper,63,22,35] $f4(b,$f4(a,b))<=a.

given clause #88: (wt=7) 391 [ur,377,8,20] -DR($f4(b,$f4(a,b)),a).

given clause #89: (wt=7) 392 [ur,377,8,20] -DR(a,$f4(b,$f4(a,b))).

given clause #90: (wt=8) 74 [hyper,38,30] $f6(a,b)<=a|b<=a.

given clause #91: (wt=10) 66 [hyper,40,7,35,37,37,unit_del,26] $f4(a,a)<=b|$f4(b,b)<=a.

given clause #92: (wt=8) 366 [hyper,73,22,69,factor_simp] a<=b|$f6(b,a)<=a.

given clause #93: (wt=3) 428 [hyper,366,17,20,unit_del,34,factor_simp] a<=b.

given clause #94: (wt=3) 439 [ur,428,21,32] -(b<=a).

given clause #95: (wt=5) 434 [hyper,428,22,37] $f4(a,a)<=b.

given clause #96: (wt=11) 75 [hyper,38,19] $f6(x,y)<=x|y<=x|PPi(y,x).

given clause #97: (wt=5) 435 [hyper,428,21,74,unit_del,32] $f6(a,b)<=a.

----> UNIT CONFLICT at   0.29 sec ----> 469 [binary,468.1,453.1] $F.

Length of proof is 15.  Level of proof is 6.

---------------- PROOF ----------------

7 [] PO(x,y)| -(z<=x)| -(z<=y)| -(u<=x)|u<=y|v<=x| -(v<=y).
9 [] DR(x,y)|$f4(x,y)<=x.
10 [] DR(x,y)|$f4(x,y)<=y.
12 [] EQ(x,y)|x!=y.
16 [] PP(x,y)|$f6(x,y)<=x|z<=x| -(z<=y).
17 [] PP(x,y)| -($f6(x,y)<=y)|z<=x| -(z<=y).
19 [] PPi(x,y)| -PP(y,x).
20 [] x<=x.
21 [] -(x<=y)| -(y<=x)|x=y.
22 [] -(x<=y)| -(y<=z)|x<=z.
26 [] -PO(a,b).
27 [] -DR(a,b).
28 [] -EQ(a,b).
29 [copy,28,flip.1] -EQ(b,a).
30 [] -PP(a,b).
31 [] -PPi(a,b).
32 [ur,29,12] b!=a.
34 [ur,31,19] -PP(b,a).
35 [hyper,9,27] $f4(a,b)<=a.
38 [hyper,20,16] PP(x,y)|$f6(x,y)<=x|y<=x.
40 [hyper,10,27] $f4(a,b)<=b.
69 [hyper,40,7,35,20,20,unit_del,26] a<=b|b<=a.
73 [hyper,38,34] $f6(b,a)<=b|a<=b.
74 [hyper,38,30] $f6(a,b)<=a|b<=a.
366 [hyper,73,22,69,factor_simp] a<=b|$f6(b,a)<=a.
428 [hyper,366,17,20,unit_del,34,factor_simp] a<=b.
435 [hyper,428,21,74,unit_del,32] $f6(a,b)<=a.
439 [ur,428,21,32] -(b<=a).
453 [ur,439,17,30,20] -($f6(a,b)<=b).
468 [hyper,435,22,428] $f6(a,b)<=b.
469 [binary,468.1,453.1] $F.

------------ end of proof -------------


Search stopped by max_proofs option.

============ end of search ============

-------------- statistics -------------
clauses given                 97
clauses generated          78457
clauses kept                 467
clauses forward subsumed   13383
clauses back subsumed        121
Kbytes malloced             1953

----------- times (seconds) -----------
user CPU time          0.29          (0 hr, 0 min, 0 sec)
system CPU time        0.00          (0 hr, 0 min, 0 sec)
wall-clock time        0             (0 hr, 0 min, 0 sec)

That finishes the proof of the theorem.

Process 31538 finished Sun Aug 28 15:46:21 2022
