----- Otter 3.3f, August 2004 -----
The process was started by jalonso on lulio,
Sun Aug 28 15:46:20 2022
The command was "otter".  The process ID is 31527.

include("Definiciones.in").
------- start included file Definiciones.in-------

formula_list(usable).
all x y (PO(x,y)<-> (exists z (z<=x&z<=y))& (exists z (z<=x& -(z<=y)))& (exists z (-(z<=x)&z<=y))).
all x y (DR(x,y)<-> -(exists z (z<=x&z<=y))).
all x y (EQ(x,y)<->x=y).
all x y (PP(x,y)<-> (all z (z<=x->z<=y))& (exists z (-(z<=x)&z<=y))).
all x y (PPi(x,y)<->PP(y,x)).
end_of_list.

-------> usable clausifies to:

list(usable).
1 [] -PO(x,y)|$f1(x,y)<=x.
2 [] -PO(x,y)|$f1(x,y)<=y.
3 [] -PO(x,y)|$f2(x,y)<=x.
4 [] -PO(x,y)| -($f2(x,y)<=y).
5 [] -PO(x,y)| -($f3(x,y)<=x).
6 [] -PO(x,y)|$f3(x,y)<=y.
7 [] PO(x,y)| -(z<=x)| -(z<=y)| -(x1<=x)|x1<=y|x2<=x| -(x2<=y).
8 [] -DR(x,y)| -(z<=x)| -(z<=y).
9 [] DR(x,y)|$f4(x,y)<=x.
10 [] DR(x,y)|$f4(x,y)<=y.
11 [] -EQ(x,y)|x=y.
12 [] EQ(x,y)|x!=y.
13 [] -PP(x,y)| -(z<=x)|z<=y.
14 [] -PP(x,y)| -($f5(x,y)<=x).
15 [] -PP(x,y)|$f5(x,y)<=y.
16 [] PP(x,y)|$f6(x,y)<=x|x3<=x| -(x3<=y).
17 [] PP(x,y)| -($f6(x,y)<=y)|x3<=x| -(x3<=y).
18 [] -PPi(x,y)|PP(y,x).
19 [] PPi(x,y)| -PP(y,x).
end_of_list.

formula_list(usable).
all x (x<=x).
all x y (x<=y&y<=x->x=y).
all x y z (x<=y&y<=z->x<=z).
end_of_list.

-------> usable clausifies to:

list(usable).
20 [] x<=x.
21 [] -(x<=y)| -(y<=x)|x=y.
22 [] -(x<=y)| -(y<=z)|x<=z.
end_of_list.
------- end included file Definiciones.in-------
set(auto2).
   dependent: set(process_input).
   dependent: clear(print_kept).
   dependent: clear(print_new_demod).
   dependent: clear(print_back_demod).
   dependent: clear(print_back_sub).
   dependent: set(control_memory).
   dependent: assign(max_mem, 20000).
   dependent: assign(pick_given_ratio, 4).
   dependent: assign(stats_level, 1).
   dependent: assign(max_seconds, 10800).

formula_list(sos).
-(all x y (PO(x,y)->PO(y,x))).
end_of_list.

-------> sos clausifies to:

list(sos).
0 [] PO($c2,$c1).
0 [] -PO($c1,$c2).
end_of_list.

Every positive clause in sos is ground (or sos is empty);
therefore we move all positive usable clauses to sos.

Properties of input clauses: prop=0, horn=0, equality=1, symmetry=0, max_lits=7.

Setting hyper_res, because there are nonunits.
   dependent: set(hyper_res).
Setting ur_res, because this is a nonunit set containing
either equality literals or non-Horn clauses.
   dependent: set(ur_res).
Setting factor and  unit_deletion, because there are non-Horn clauses.
   dependent: set(factor).
   dependent: set(unit_deletion).
Equality is present, so we set the knuth_bendix flag.
   dependent: set(knuth_bendix).
   dependent: set(anl_eq).
   dependent: set(para_from).
   dependent: set(para_into).
   dependent: clear(para_from_right).
   dependent: clear(para_into_right).
   dependent: set(para_from_vars).
   dependent: set(eq_units_both_ways).
   dependent: set(dynamic_demod_all).
   dependent: set(dynamic_demod).
   dependent: set(order_eq).
   dependent: set(back_demod).
   dependent: set(lrpo).
As an incomplete heuristic, we paramodulate with units only.
   dependent: set(para_from_units_only).
   dependent: set(para_into_units_only).

------------> process usable:
WARNING, cl_integrate gets clause with ID: 1 [] -PO(x,y)|$f1(x,y)<=x.
** KEPT (pick-wt=8): 1 [] -PO(x,y)|$f1(x,y)<=x.
WARNING, cl_integrate gets clause with ID: 2 [] -PO(x,y)|$f1(x,y)<=y.
** KEPT (pick-wt=8): 2 [] -PO(x,y)|$f1(x,y)<=y.
WARNING, cl_integrate gets clause with ID: 3 [] -PO(x,y)|$f2(x,y)<=x.
** KEPT (pick-wt=8): 3 [] -PO(x,y)|$f2(x,y)<=x.
WARNING, cl_integrate gets clause with ID: 4 [] -PO(x,y)| -($f2(x,y)<=y).
** KEPT (pick-wt=8): 4 [] -PO(x,y)| -($f2(x,y)<=y).
WARNING, cl_integrate gets clause with ID: 5 [] -PO(x,y)| -($f3(x,y)<=x).
** KEPT (pick-wt=8): 5 [] -PO(x,y)| -($f3(x,y)<=x).
WARNING, cl_integrate gets clause with ID: 6 [] -PO(x,y)|$f3(x,y)<=y.
** KEPT (pick-wt=8): 6 [] -PO(x,y)|$f3(x,y)<=y.
WARNING, cl_integrate gets clause with ID: 7 [] PO(x,y)| -(z<=x)| -(z<=y)| -(u<=x)|u<=y|v<=x| -(v<=y).
** KEPT (pick-wt=21): 7 [] PO(x,y)| -(z<=x)| -(z<=y)| -(u<=x)|u<=y|v<=x| -(v<=y).
WARNING, cl_integrate gets clause with ID: 8 [] -DR(x,y)| -(z<=x)| -(z<=y).
** KEPT (pick-wt=9): 8 [] -DR(x,y)| -(z<=x)| -(z<=y).
WARNING, cl_integrate gets clause with ID: 11 [] -EQ(x,y)|x=y.
** KEPT (pick-wt=6): 11 [] -EQ(x,y)|x=y.
WARNING, cl_integrate gets clause with ID: 12 [] EQ(x,y)|x!=y.
** KEPT (pick-wt=6): 12 [] EQ(x,y)|x!=y.
WARNING, cl_integrate gets clause with ID: 13 [] -PP(x,y)| -(z<=x)|z<=y.
** KEPT (pick-wt=9): 13 [] -PP(x,y)| -(z<=x)|z<=y.
WARNING, cl_integrate gets clause with ID: 14 [] -PP(x,y)| -($f5(x,y)<=x).
** KEPT (pick-wt=8): 14 [] -PP(x,y)| -($f5(x,y)<=x).
WARNING, cl_integrate gets clause with ID: 15 [] -PP(x,y)|$f5(x,y)<=y.
** KEPT (pick-wt=8): 15 [] -PP(x,y)|$f5(x,y)<=y.
WARNING, cl_integrate gets clause with ID: 16 [] PP(x,y)|$f6(x,y)<=x|z<=x| -(z<=y).
** KEPT (pick-wt=14): 16 [] PP(x,y)|$f6(x,y)<=x|z<=x| -(z<=y).
WARNING, cl_integrate gets clause with ID: 17 [] PP(x,y)| -($f6(x,y)<=y)|z<=x| -(z<=y).
** KEPT (pick-wt=14): 17 [] PP(x,y)| -($f6(x,y)<=y)|z<=x| -(z<=y).
WARNING, cl_integrate gets clause with ID: 18 [] -PPi(x,y)|PP(y,x).
** KEPT (pick-wt=6): 18 [] -PPi(x,y)|PP(y,x).
WARNING, cl_integrate gets clause with ID: 19 [] PPi(x,y)| -PP(y,x).
** KEPT (pick-wt=6): 19 [] PPi(x,y)| -PP(y,x).
WARNING, cl_integrate gets clause with ID: 21 [] -(x<=y)| -(y<=x)|x=y.
** KEPT (pick-wt=9): 21 [] -(x<=y)| -(y<=x)|x=y.
WARNING, cl_integrate gets clause with ID: 22 [] -(x<=y)| -(y<=z)|x<=z.
** KEPT (pick-wt=9): 22 [] -(x<=y)| -(y<=z)|x<=z.

------------> process sos:
** KEPT (pick-wt=3): 26 [] PO($c2,$c1).
** KEPT (pick-wt=3): 27 [] -PO($c1,$c2).
WARNING, cl_integrate gets clause with ID: 9 [] DR(x,y)|$f4(x,y)<=x.
** KEPT (pick-wt=8): 9 [] DR(x,y)|$f4(x,y)<=x.
WARNING, cl_integrate gets clause with ID: 10 [] DR(x,y)|$f4(x,y)<=y.
** KEPT (pick-wt=8): 10 [] DR(x,y)|$f4(x,y)<=y.
WARNING, cl_integrate gets clause with ID: 20 [] x<=x.
** KEPT (pick-wt=3): 20 [] x<=x.

======= end of input processing =======

=========== start of search ===========

given clause #1: (wt=3) 26 [] PO($c2,$c1).

given clause #2: (wt=3) 27 [] -PO($c1,$c2).

given clause #3: (wt=3) 20 [] x<=x.

given clause #4: (wt=3) 34 [hyper,20,25] x=x.

given clause #5: (wt=3) 36 [ur,20,23] -DR(x,x).

given clause #6: (wt=8) 9 [] DR(x,y)|$f4(x,y)<=x.

given clause #7: (wt=3) 37 [hyper,34,12] EQ(x,x).

given clause #8: (wt=5) 28 [hyper,26,6] $f3($c2,$c1)<=$c1.

given clause #9: (wt=5) 29 [hyper,26,3] $f2($c2,$c1)<=$c2.

given clause #10: (wt=5) 30 [hyper,26,2] $f1($c2,$c1)<=$c1.

given clause #11: (wt=8) 10 [] DR(x,y)|$f4(x,y)<=y.

given clause #12: (wt=5) 31 [hyper,26,1] $f1($c2,$c1)<=$c2.

-----> EMPTY CLAUSE at   0.00 sec ----> 69 [hyper,31,7,30,28,29,unit_del,27,32,33] $F.

Length of proof is 6.  Level of proof is 1.

---------------- PROOF ----------------

1 [] -PO(x,y)|$f1(x,y)<=x.
2 [] -PO(x,y)|$f1(x,y)<=y.
3 [] -PO(x,y)|$f2(x,y)<=x.
4 [] -PO(x,y)| -($f2(x,y)<=y).
5 [] -PO(x,y)| -($f3(x,y)<=x).
6 [] -PO(x,y)|$f3(x,y)<=y.
7 [] PO(x,y)| -(z<=x)| -(z<=y)| -(u<=x)|u<=y|v<=x| -(v<=y).
26 [] PO($c2,$c1).
27 [] -PO($c1,$c2).
28 [hyper,26,6] $f3($c2,$c1)<=$c1.
29 [hyper,26,3] $f2($c2,$c1)<=$c2.
30 [hyper,26,2] $f1($c2,$c1)<=$c1.
31 [hyper,26,1] $f1($c2,$c1)<=$c2.
32 [ur,26,5] -($f3($c2,$c1)<=$c2).
33 [ur,26,4] -($f2($c2,$c1)<=$c1).
69 [hyper,31,7,30,28,29,unit_del,27,32,33] $F.

------------ end of proof -------------


Search stopped by max_proofs option.

============ end of search ============

-------------- statistics -------------
clauses given                 12
clauses generated            244
clauses kept                  68
clauses forward subsumed     193
clauses back subsumed          2
Kbytes malloced              976

----------- times (seconds) -----------
user CPU time          0.00          (0 hr, 0 min, 0 sec)
system CPU time        0.00          (0 hr, 0 min, 0 sec)
wall-clock time        0             (0 hr, 0 min, 0 sec)

That finishes the proof of the theorem.

Process 31527 finished Sun Aug 28 15:46:20 2022
